<?xml version="1.0" encoding="UTF-8"?>
<!-- Generated by org.testng.reporters.JUnitXMLReporter -->
<testsuite ignored="0" hostname="DESKTOP-AG0407A" failures="0" tests="6" name="TestRunner-2" time="166.24" errors="0" timestamp="2023-08-08T10:43:37 IST">
  <testcase classname="com.ofos.Generics.BaseClass" name="@BeforeMethod config_BM" time="11.162">
    <failure type="org.openqa.selenium.NoSuchElementException" message="Unable to locate element: //a[text()=&amp;apos;Login&amp;apos;]
For documentation on this error, please visit: https://www.seleniumhq.org/exceptions/no_such_element.html
Build info: version: &amp;apos;3.141.59&amp;apos;, revision: &amp;apos;e82be7d358&amp;apos;, time: &amp;apos;2018-11-14T08:17:03&amp;apos;
System info: host: &amp;apos;DESKTOP-AG0407A&amp;apos;, ip: &amp;apos;192.168.203.1&amp;apos;, os.name: &amp;apos;Windows 10&amp;apos;, os.arch: &amp;apos;amd64&amp;apos;, os.version: &amp;apos;10.0&amp;apos;, java.version: &amp;apos;19.0.2&amp;apos;
Driver info: org.openqa.selenium.firefox.FirefoxDriver
Capabilities {acceptInsecureCerts: true, browserName: firefox, browserVersion: 117.0, javascriptEnabled: true, moz:accessibilityChecks: false, moz:buildID: 20230801180159, moz:geckodriverVersion: 0.33.0, moz:headless: false, moz:platformVersion: 10.0, moz:processID: 6616, moz:profile: C:\Users\Sony\AppData\Local..., moz:shutdownTimeout: 60000, moz:webdriverClick: true, moz:windowless: false, pageLoadStrategy: normal, platform: WINDOWS, platformName: WINDOWS, proxy: Proxy(), setWindowRect: true, strictFileInteractability: false, timeouts: {implicit: 0, pageLoad: 300000, script: 30000}, unhandledPromptBehavior: dismiss and notify}
Session ID: 6a41b7e7-9f5f-41bb-845e-1a29f8355c40
*** Element info: {Using=xpath, value=//a[text()=&amp;apos;Login&amp;apos;]}">
      <![CDATA[org.openqa.selenium.NoSuchElementException: Unable to locate element: //a[text()='Login']
For documentation on this error, please visit: https://www.seleniumhq.org/exceptions/no_such_element.html
Build info: version: '3.141.59', revision: 'e82be7d358', time: '2018-11-14T08:17:03'
System info: host: 'DESKTOP-AG0407A', ip: '192.168.203.1', os.name: 'Windows 10', os.arch: 'amd64', os.version: '10.0', java.version: '19.0.2'
Driver info: org.openqa.selenium.firefox.FirefoxDriver
Capabilities {acceptInsecureCerts: true, browserName: firefox, browserVersion: 117.0, javascriptEnabled: true, moz:accessibilityChecks: false, moz:buildID: 20230801180159, moz:geckodriverVersion: 0.33.0, moz:headless: false, moz:platformVersion: 10.0, moz:processID: 6616, moz:profile: C:\Users\Sony\AppData\Local..., moz:shutdownTimeout: 60000, moz:webdriverClick: true, moz:windowless: false, pageLoadStrategy: normal, platform: WINDOWS, platformName: WINDOWS, proxy: Proxy(), setWindowRect: true, strictFileInteractability: false, timeouts: {implicit: 0, pageLoad: 300000, script: 30000}, unhandledPromptBehavior: dismiss and notify}
Session ID: 6a41b7e7-9f5f-41bb-845e-1a29f8355c40
*** Element info: {Using=xpath, value=//a[text()='Login']}
at org.openqa.selenium.remote.http.W3CHttpResponseCodec.createException(W3CHttpResponseCodec.java:187)
at org.openqa.selenium.remote.http.W3CHttpResponseCodec.decode(W3CHttpResponseCodec.java:122)
at org.openqa.selenium.remote.http.W3CHttpResponseCodec.decode(W3CHttpResponseCodec.java:49)
at org.openqa.selenium.remote.HttpCommandExecutor.execute(HttpCommandExecutor.java:158)
at org.openqa.selenium.remote.service.DriverCommandExecutor.execute(DriverCommandExecutor.java:83)
at org.openqa.selenium.remote.RemoteWebDriver.execute(RemoteWebDriver.java:552)
at org.openqa.selenium.remote.RemoteWebDriver.findElement(RemoteWebDriver.java:323)
at org.openqa.selenium.remote.RemoteWebDriver.findElementByXPath(RemoteWebDriver.java:428)
at org.openqa.selenium.By$ByXPath.findElement(By.java:353)
at org.openqa.selenium.remote.RemoteWebDriver.findElement(RemoteWebDriver.java:315)
at org.openqa.selenium.support.pagefactory.DefaultElementLocator.findElement(DefaultElementLocator.java:69)
at org.openqa.selenium.support.pagefactory.internal.LocatingElementHandler.invoke(LocatingElementHandler.java:38)
at jdk.proxy2/jdk.proxy2.$Proxy16.click(Unknown Source)
at com.ofos.objectrepository.UserLoginPage.userLogin(UserLoginPage.java:71)
at com.ofos.Generics.BaseClass.config_BM(BaseClass.java:65)
at java.base/java.util.ArrayList.forEach(ArrayList.java:1511)
at java.base/java.util.concurrent.FutureTask.run(FutureTask.java:317)
at java.base/java.util.concurrent.ThreadPoolExecutor.runWorker(ThreadPoolExecutor.java:1144)
at java.base/java.util.concurrent.ThreadPoolExecutor$Worker.run(ThreadPoolExecutor.java:642)
at java.base/java.lang.Thread.run(Thread.java:1589)
... Removed 23 stack frames]]>
    </failure>
  </testcase> <!-- @BeforeMethod config_BM -->
  <testcase classname="practice_package.TestNG" name="@AfterMethod logoutToApp" time="-1.691471614405E9">
    <skipped/>
  </testcase> <!-- @AfterMethod logoutToApp -->
  <testcase classname="com.ofos.Generics.BaseClass" name="@AfterMethod config_AM" time="-1.691471614411E9">
    <skipped/>
  </testcase> <!-- @AfterMethod config_AM -->
  <testcase classname="com.ofos.Generics.BaseClass" name="@BeforeMethod config_BM" time="-1.691471614418E9">
    <skipped/>
  </testcase> <!-- @BeforeMethod config_BM -->
  <testcase classname="practice_package.TestNG" name="@AfterMethod logoutToApp" time="-1.691471614427E9">
    <skipped/>
  </testcase> <!-- @AfterMethod logoutToApp -->
  <testcase classname="com.ofos.Generics.BaseClass" name="@AfterMethod config_AM" time="-1.691471614431E9">
    <skipped/>
  </testcase> <!-- @AfterMethod config_AM -->
  <testcase classname="com.ofos.Generics.BaseClass" name="@BeforeMethod config_BM" time="-1.691471614435E9">
    <skipped/>
  </testcase> <!-- @BeforeMethod config_BM -->
  <testcase classname="practice_package.TestNG" name="@AfterMethod logoutToApp" time="-1.691471614445E9">
    <skipped/>
  </testcase> <!-- @AfterMethod logoutToApp -->
  <testcase classname="com.ofos.Generics.BaseClass" name="@AfterMethod config_AM" time="-1.691471614447E9">
    <skipped/>
  </testcase> <!-- @AfterMethod config_AM -->
  <testcase classname="com.ofos.Generics.BaseClass" name="@BeforeMethod config_BM" time="-1.691471614451E9">
    <skipped/>
  </testcase> <!-- @BeforeMethod config_BM -->
  <testcase classname="practice_package.TestNG" name="@AfterMethod logoutToApp" time="-1.691471614469E9">
    <skipped/>
  </testcase> <!-- @AfterMethod logoutToApp -->
  <testcase classname="com.ofos.Generics.BaseClass" name="@AfterMethod config_AM" time="-1.691471614473E9">
    <skipped/>
  </testcase> <!-- @AfterMethod config_AM -->
  <testcase classname="com.ofos.Generics.BaseClass" name="@AfterClass config_AC" time="-1.69147161448E9">
    <skipped/>
  </testcase> <!-- @AfterClass config_AC -->
  <testcase classname="com.ofos.Generics.BaseClass" name="@BeforeClass config_BC" time="2.715">
    <failure type="io.github.bonigarcia.wdm.config.WebDriverManagerException" message="java.net.UnknownHostException: api.github.com">
      <![CDATA[io.github.bonigarcia.wdm.config.WebDriverManagerException: java.net.UnknownHostException: api.github.com
at io.github.bonigarcia.wdm.WebDriverManager.handleException(WebDriverManager.java:1277)
at io.github.bonigarcia.wdm.WebDriverManager.manage(WebDriverManager.java:1060)
at io.github.bonigarcia.wdm.WebDriverManager.fallback(WebDriverManager.java:1293)
at io.github.bonigarcia.wdm.WebDriverManager.handleException(WebDriverManager.java:1270)
at io.github.bonigarcia.wdm.WebDriverManager.manage(WebDriverManager.java:1060)
at io.github.bonigarcia.wdm.WebDriverManager.setup(WebDriverManager.java:393)
at com.ofos.Generics.BaseClass.config_BC(BaseClass.java:45)
at java.base/java.util.ArrayList.forEach(ArrayList.java:1511)
at java.base/java.util.concurrent.FutureTask.run(FutureTask.java:317)
at java.base/java.util.concurrent.ThreadPoolExecutor.runWorker(ThreadPoolExecutor.java:1144)
at java.base/java.util.concurrent.ThreadPoolExecutor$Worker.run(ThreadPoolExecutor.java:642)
at java.base/java.lang.Thread.run(Thread.java:1589)
Caused by: java.net.UnknownHostException: api.github.com
at java.base/java.net.InetAddress$CachedAddresses.get(InetAddress.java:952)
at java.base/java.net.InetAddress.getAllByName0(InetAddress.java:1663)
at java.base/java.net.InetAddress.getAllByName(InetAddress.java:1528)
at org.apache.hc.client5.http.SystemDefaultDnsResolver.resolve(SystemDefaultDnsResolver.java:43)
at org.apache.hc.client5.http.impl.io.DefaultHttpClientConnectionOperator.connect(DefaultHttpClientConnectionOperator.java:118)
at org.apache.hc.client5.http.impl.io.PoolingHttpClientConnectionManager.connect(PoolingHttpClientConnectionManager.java:409)
at org.apache.hc.client5.http.impl.classic.InternalExecRuntime.connectEndpoint(InternalExecRuntime.java:164)
at org.apache.hc.client5.http.impl.classic.InternalExecRuntime.connectEndpoint(InternalExecRuntime.java:174)
at org.apache.hc.client5.http.impl.classic.ConnectExec.execute(ConnectExec.java:135)
at org.apache.hc.client5.http.impl.classic.ExecChainElement.execute(ExecChainElement.java:51)
at org.apache.hc.client5.http.impl.classic.ExecChainElement$1.proceed(ExecChainElement.java:57)
at org.apache.hc.client5.http.impl.classic.ProtocolExec.execute(ProtocolExec.java:172)
at org.apache.hc.client5.http.impl.classic.ExecChainElement.execute(ExecChainElement.java:51)
at org.apache.hc.client5.http.impl.classic.ExecChainElement$1.proceed(ExecChainElement.java:57)
at org.apache.hc.client5.http.impl.classic.HttpRequestRetryExec.execute(HttpRequestRetryExec.java:93)
at org.apache.hc.client5.http.impl.classic.ExecChainElement.execute(ExecChainElement.java:51)
at org.apache.hc.client5.http.impl.classic.ExecChainElement$1.proceed(ExecChainElement.java:57)
at org.apache.hc.client5.http.impl.classic.ContentCompressionExec.execute(ContentCompressionExec.java:128)
at org.apache.hc.client5.http.impl.classic.ExecChainElement.execute(ExecChainElement.java:51)
at org.apache.hc.client5.http.impl.classic.ExecChainElement$1.proceed(ExecChainElement.java:57)
at org.apache.hc.client5.http.impl.classic.RedirectExec.execute(RedirectExec.java:116)
at org.apache.hc.client5.http.impl.classic.ExecChainElement.execute(ExecChainElement.java:51)
at org.apache.hc.client5.http.impl.classic.InternalHttpClient.doExecute(InternalHttpClient.java:178)
at org.apache.hc.client5.http.impl.classic.CloseableHttpClient.execute(CloseableHttpClient.java:75)
at org.apache.hc.client5.http.impl.classic.CloseableHttpClient.execute(CloseableHttpClient.java:89)
at io.github.bonigarcia.wdm.online.HttpClient.execute(HttpClient.java:158)
at io.github.bonigarcia.wdm.WebDriverManager.openGitHubConnection(WebDriverManager.java:1447)
at io.github.bonigarcia.wdm.WebDriverManager.getDriversFromGitHub(WebDriverManager.java:1461)
at io.github.bonigarcia.wdm.managers.FirefoxDriverManager.getDriverUrls(FirefoxDriverManager.java:102)
at io.github.bonigarcia.wdm.WebDriverManager.createUrlHandler(WebDriverManager.java:1298)
at io.github.bonigarcia.wdm.WebDriverManager.download(WebDriverManager.java:1136)
at io.github.bonigarcia.wdm.WebDriverManager.manage(WebDriverManager.java:1054)
... 24 more
... Removed 14 stack frames]]>
    </failure>
  </testcase> <!-- @BeforeClass config_BC -->
  <testcase classname="com.ofos.Generics.BaseClass" name="@BeforeMethod config_BM" time="-1.691471617208E9">
    <skipped/>
  </testcase> <!-- @BeforeMethod config_BM -->
  <testcase classname="com.ofos.Generics.BaseClass" name="@AfterMethod config_AM" time="-1.691471617216E9">
    <skipped/>
  </testcase> <!-- @AfterMethod config_AM -->
  <testcase classname="com.ofos.Generics.BaseClass" name="@AfterClass config_AC" time="-1.69147161723E9">
    <skipped/>
  </testcase> <!-- @AfterClass config_AC -->
  <testcase classname="practice_package.TestNG" name="closeBrowser" time="0.003"/>
  <testcase classname="practice_package.TestNG" name="data1" time="0.0">
    <skipped/>
  </testcase> <!-- data1 -->
  <testcase classname="practice_package.TestNG" name="data2" time="0.0">
    <skipped/>
  </testcase> <!-- data2 -->
  <testcase classname="practice_package.TestNG" name="loginToApp" time="0.0">
    <skipped/>
  </testcase> <!-- loginToApp -->
  <testcase classname="practice_package.TestNG" name="openBrowser" time="0.0">
    <skipped/>
  </testcase> <!-- openBrowser -->
  <testcase classname="practice_package.TestNgApplication" name="tc01" time="0.0">
    <skipped/>
  </testcase> <!-- tc01 -->
</testsuite> <!-- TestRunner-2 -->
